feature/home/build/intermediates/manifest_merge_blame_file/debug/manifest-merger-blame-debug-report.txt
1<?xml version="1.0" encoding="utf-8"?>
2<manifest xmlns:android="http://schemas.android.com/apk/res/android"
3    package="com.app.home" >
4
5    <uses-sdk android:minSdkVersion="26" />
6
7    <application
7-->src/main/AndroidManifest.xml:4:5-17:19
8        android:allowBackup="true"
8-->src/main/AndroidManifest.xml:5:9-35
9        android:icon="@mipmap/ic_launcher"
9-->src/main/AndroidManifest.xml:6:9-43
10        android:label="@string/app_name"
10-->src/main/AndroidManifest.xml:7:9-41
11        android:roundIcon="@mipmap/ic_launcher_round"
11-->src/main/AndroidManifest.xml:8:9-54
12        android:supportsRtl="true"
12-->src/main/AndroidManifest.xml:9:9-35
13        android:theme="@style/Theme.MobilOffice" >
13-->src/main/AndroidManifest.xml:10:9-49
14        <activity
14-->src/main/AndroidManifest.xml:13:9-15:40
15            android:name="com.app.home.main.recents.RecentOps"
15-->src/main/AndroidManifest.xml:14:13-51
16            android:exported="false" />
16-->src/main/AndroidManifest.xml:15:13-37
17    </application>
18
19</manifest>